[16:38:45] [main/INFO] (FabricLoader/GameProvider) Loading Minecraft 1.20.1 with Fabric Loader 0.14.24
[16:38:46] [main/INFO] (FabricLoader) Loading 57 mods:
	- chinaqianb 1.0-SNAPSHOT
	- fabric-api 0.90.4+1.20.1
	- fabric-api-base 0.4.30+7abfd51577
	- fabric-api-lookup-api-v1 1.6.35+4d8536c977
	- fabric-biome-api-v1 13.0.12+215bbe9677
	- fabric-block-api-v1 1.0.10+92a0d36777
	- fabric-block-view-api-v2 1.0.0+92a0d36777
	- fabric-blockrenderlayer-v1 1.1.40+b3afc78b77
	- fabric-client-tags-api-v1 1.1.1+97bb207577
	- fabric-command-api-v1 1.2.33+f71b366f77
	- fabric-command-api-v2 2.2.12+b3afc78b77
	- fabric-commands-v0 0.2.50+df3654b377
	- fabric-containers-v0 0.1.63+df3654b377
	- fabric-content-registries-v0 4.0.10+57aed33f77
	- fabric-convention-tags-v1 1.5.4+a1a980da77
	- fabric-crash-report-info-v1 0.2.18+aeb40ebe77
	- fabric-data-generation-api-v1 12.3.2+d7b148e077
	- fabric-dimensions-v1 2.1.53+8536527b77
	- fabric-entity-events-v1 1.5.22+b3afc78b77
	- fabric-events-interaction-v0 0.6.1+e91849a877
	- fabric-events-lifecycle-v0 0.2.62+df3654b377
	- fabric-game-rule-api-v1 1.0.38+b04edc7a77
	- fabric-gametest-api-v1 1.2.12+b3afc78b77
	- fabric-item-api-v1 2.1.27+b3afc78b77
	- fabric-item-group-api-v1 4.0.11+d7b148e077
	- fabric-key-binding-api-v1 1.0.36+fb8d95da77
	- fabric-keybindings-v0 0.2.34+df3654b377
	- fabric-lifecycle-events-v1 2.2.21+b3afc78b77
	- fabric-loot-api-v2 1.2.0+96dfa95977
	- fabric-loot-tables-v1 1.1.44+9e7660c677
	- fabric-message-api-v1 5.1.8+d7b148e077
	- fabric-mining-level-api-v1 2.1.49+b3afc78b77
	- fabric-model-loading-api-v1 1.0.2+709a987177
	- fabric-models-v0 0.4.1+9386d8a777
	- fabric-networking-api-v1 1.3.10+eeb8eb3677
	- fabric-networking-v0 0.3.50+df3654b377
	- fabric-object-builder-api-v1 11.1.2+4ee0bc6077
	- fabric-particles-v1 1.1.1+201a23a077
	- fabric-recipe-api-v1 1.0.20+b3afc78b77
	- fabric-registry-sync-v0 2.3.2+4df89eb277
	- fabric-renderer-api-v1 3.2.0+39a511ba77
	- fabric-renderer-indigo 1.5.0+39a511ba77
	- fabric-renderer-registries-v1 3.2.45+df3654b377
	- fabric-rendering-data-attachment-v1 0.3.36+92a0d36777
	- fabric-rendering-fluids-v1 3.0.27+b3afc78b77
	- fabric-rendering-v0 1.1.48+df3654b377
	- fabric-rendering-v1 3.0.7+b3afc78b77
	- fabric-resource-conditions-api-v1 2.3.6+d7b148e077
	- fabric-resource-loader-v0 0.11.9+132c48c177
	- fabric-screen-api-v1 2.0.7+b3afc78b77
	- fabric-screen-handler-api-v1 1.3.29+b3afc78b77
	- fabric-sound-api-v1 1.0.12+b3afc78b77
	- fabric-transfer-api-v1 3.3.1+195226a777
	- fabric-transitive-access-wideners-v1 4.3.0+6c31357e77
	- fabricloader 0.14.24
	- java 17
	- minecraft 1.20.1
[16:38:47] [main/INFO] (FabricLoader/Mixin) SpongePowered MIXIN Subsystem Version=0.8.5 Source=file:/C:/Users/qiancong/.gradle/caches/modules-2/files-2.1/net.fabricmc/sponge-mixin/0.12.5+mixin.0.8.5/8d31fb97c3e0cd7c8dad3441851c523bcfae6d8e/sponge-mixin-0.12.5+mixin.0.8.5.jar Service=Knot/Fabric Env=CLIENT
[16:38:47] [main/INFO] (FabricLoader/Mixin) Loaded Fabric development mappings for mixin remapper!
[16:38:48] [main/INFO] (FabricLoader/Mixin) Compatibility level set to JAVA_16
[16:38:48] [main/INFO] (FabricLoader/Mixin) Compatibility level set to JAVA_17
[16:39:02] [Datafixer Bootstrap/INFO] (Minecraft) 188 Datafixer optimizations took 341 milliseconds
[16:39:07] [Render thread/INFO] (Minecraft) Environment: authHost='https://authserver.mojang.com', accountsHost='https://api.mojang.com', sessionHost='https://sessionserver.mojang.com', servicesHost='https://api.minecraftservices.com', name='PROD'
[16:39:08] [Render thread/ERROR] (Minecraft) Failed to verify authentication
com.mojang.authlib.exceptions.InvalidCredentialsException: Status: 401
	at com.mojang.authlib.exceptions.MinecraftClientHttpException.toAuthenticationException(MinecraftClientHttpException.java:56) ~[authlib-4.0.43.jar:?]
	at com.mojang.authlib.yggdrasil.YggdrasilUserApiService.fetchProperties(YggdrasilUserApiService.java:156) ~[authlib-4.0.43.jar:?]
	at com.mojang.authlib.yggdrasil.YggdrasilUserApiService.<init>(YggdrasilUserApiService.java:55) ~[authlib-4.0.43.jar:?]
	at com.mojang.authlib.yggdrasil.YggdrasilAuthenticationService.createUserApiService(YggdrasilAuthenticationService.java:124) ~[authlib-4.0.43.jar:?]
	at net.minecraft.client.MinecraftClient.createUserApiService(MinecraftClient.java:733) ~[minecraft-merged-project-root-1.20.1-net.fabricmc.yarn.1_20_1.1.20.1+build.10-v2.jar:?]
	at net.minecraft.client.MinecraftClient.<init>(MinecraftClient.java:442) ~[minecraft-merged-project-root-1.20.1-net.fabricmc.yarn.1_20_1.1.20.1+build.10-v2.jar:?]
	at net.minecraft.client.main.Main.main(Main.java:211) ~[minecraft-merged-project-root-1.20.1-net.fabricmc.yarn.1_20_1.1.20.1+build.10-v2.jar:?]
	at net.fabricmc.loader.impl.game.minecraft.MinecraftGameProvider.launch(MinecraftGameProvider.java:470) ~[fabric-loader-0.14.24.jar:?]
	at net.fabricmc.loader.impl.launch.knot.Knot.launch(Knot.java:74) ~[fabric-loader-0.14.24.jar:?]
	at net.fabricmc.loader.impl.launch.knot.KnotClient.main(KnotClient.java:23) ~[fabric-loader-0.14.24.jar:?]
	at net.fabricmc.devlaunchinjector.Main.main(Main.java:86) ~[dev-launch-injector-0.2.1+build.8.jar:?]
Caused by: com.mojang.authlib.exceptions.MinecraftClientHttpException: Status: 401
	at com.mojang.authlib.minecraft.client.MinecraftClient.readInputStream(MinecraftClient.java:85) ~[authlib-4.0.43.jar:?]
	at com.mojang.authlib.minecraft.client.MinecraftClient.get(MinecraftClient.java:48) ~[authlib-4.0.43.jar:?]
	at com.mojang.authlib.yggdrasil.YggdrasilUserApiService.fetchProperties(YggdrasilUserApiService.java:129) ~[authlib-4.0.43.jar:?]
	... 9 more
[16:39:08] [Render thread/INFO] (Minecraft) Setting user: Player38
[16:39:08] [Render thread/INFO] (Indigo) [Indigo] Registering Indigo renderer!
[16:39:09] [Render thread/INFO] (Minecraft) Backend library: LWJGL version 3.3.1 SNAPSHOT
[16:39:12] [Render thread/INFO] (Minecraft) Reloading ResourceManager: vanilla, fabric (fabric-blockrenderlayer-v1, fabric-content-registries-v0, fabric-crash-report-info-v1, fabric-renderer-indigo, fabric-item-group-api-v1, fabric-rendering-data-attachment-v1, fabric-keybindings-v0, fabric-particles-v1, fabric-rendering-fluids-v1, fabric-rendering-v0, fabric-biome-api-v1, fabric-containers-v0, fabric-model-loading-api-v1, fabric-client-tags-api-v1, fabric-api, fabric-block-view-api-v2, fabric-command-api-v1, fabric-object-builder-api-v1, fabric-resource-loader-v0, fabric-message-api-v1, fabric-loot-tables-v1, fabric-screen-handler-api-v1, fabric-resource-conditions-api-v1, fabric-command-api-v2, fabric-block-api-v1, fabric-transfer-api-v1, fabric-commands-v0, fabric-sound-api-v1, fabric-lifecycle-events-v1, fabric-events-lifecycle-v0, fabric-networking-v0, fabric-transitive-access-wideners-v1, fabric-key-binding-api-v1, fabric-item-api-v1, fabric-gametest-api-v1, fabric-rendering-v1, fabric-registry-sync-v0, fabric-renderer-api-v1, fabric-events-interaction-v0, fabric-networking-api-v1, fabric-models-v0, fabric-game-rule-api-v1, fabric-convention-tags-v1, fabric-data-generation-api-v1, fabric-loot-api-v2, chinaqianb, fabric-api-base, fabric-screen-api-v1, fabric-api-lookup-api-v1, fabric-dimensions-v1, fabric-entity-events-v1, fabricloader, fabric-renderer-registries-v1, fabric-recipe-api-v1, fabric-mining-level-api-v1)
[16:39:12] [Worker-Main-2/INFO] (Minecraft) Found unifont_all_no_pua-15.0.06.hex, loading
[16:39:13] [Realms Notification Availability checker #1/INFO] (Minecraft) Could not authorize you against Realms server: Invalid session id
[16:39:14] [Worker-Main-5/WARN] (Minecraft) Unable to load model: 'minecraft:block/laodeng' referenced from: chinaqianb:laodeng#: java.io.FileNotFoundException: minecraft:models/block/laodeng.json
[16:39:16] [Render thread/WARN] (Minecraft) Missing sound for event: minecraft:item.goat_horn.play
[16:39:16] [Render thread/WARN] (Minecraft) Missing sound for event: minecraft:entity.goat.screaming.horn_break
[16:39:16] [Render thread/INFO] (Minecraft) OpenAL initialized on device OpenAL Soft on 扬声器 (Realtek(R) Audio)
[16:39:16] [Render thread/INFO] (Minecraft) Sound engine started
[16:39:16] [Render thread/INFO] (Minecraft) Created: 8192x4096x4 minecraft:textures/atlas/blocks.png-atlas
[16:39:16] [Render thread/INFO] (Minecraft) Created: 256x256x4 minecraft:textures/atlas/signs.png-atlas
[16:39:16] [Render thread/INFO] (Minecraft) Created: 512x512x4 minecraft:textures/atlas/shield_patterns.png-atlas
[16:39:16] [Render thread/INFO] (Minecraft) Created: 512x512x4 minecraft:textures/atlas/banner_patterns.png-atlas
[16:39:16] [Render thread/INFO] (Minecraft) Created: 1024x1024x4 minecraft:textures/atlas/armor_trims.png-atlas
[16:39:16] [Render thread/INFO] (Minecraft) Created: 256x256x4 minecraft:textures/atlas/chest.png-atlas
[16:39:16] [Render thread/INFO] (Minecraft) Created: 128x64x4 minecraft:textures/atlas/decorated_pot.png-atlas
[16:39:16] [Render thread/INFO] (Minecraft) Created: 512x256x4 minecraft:textures/atlas/shulker_boxes.png-atlas
[16:39:16] [Render thread/INFO] (Minecraft) Created: 512x256x4 minecraft:textures/atlas/beds.png-atlas
[16:39:17] [Render thread/WARN] (Minecraft) Shader rendertype_entity_translucent_emissive could not find sampler named Sampler2 in the specified shader program.
[16:39:17] [Render thread/INFO] (Minecraft) Created: 256x256x0 minecraft:textures/atlas/particles.png-atlas
[16:39:17] [Render thread/INFO] (Minecraft) Created: 256x256x0 minecraft:textures/atlas/paintings.png-atlas
[16:39:17] [Render thread/INFO] (Minecraft) Created: 128x128x0 minecraft:textures/atlas/mob_effects.png-atlas
[16:39:41] [Render thread/INFO] (Minecraft) Loaded 7 recipes
[16:39:41] [Render thread/INFO] (Minecraft) Loaded 1271 advancements
[16:39:42] [Render thread/INFO] (BiomeModificationImpl) Applied 0 biome modifications to 0 of 64 new biomes in 5.242 ms
[16:39:42] [Server thread/INFO] (Minecraft) Starting integrated minecraft server version 1.20.1
[16:39:42] [Server thread/INFO] (Minecraft) Generating keypair
[16:39:45] [Server thread/INFO] (Minecraft) Preparing start region for dimension minecraft:overworld
[16:39:50] [Render thread/INFO] (Minecraft) 准备生成区域中：0%
[16:39:50] [Render thread/INFO] (Minecraft) 准备生成区域中：0%
[16:39:50] [Render thread/INFO] (Minecraft) 准备生成区域中：0%
[16:39:50] [Render thread/INFO] (Minecraft) 准备生成区域中：0%
[16:39:50] [Render thread/INFO] (Minecraft) 准备生成区域中：0%
[16:39:50] [Render thread/INFO] (Minecraft) 准备生成区域中：0%
[16:39:50] [Render thread/INFO] (Minecraft) 准备生成区域中：0%
[16:39:50] [Render thread/INFO] (Minecraft) 准备生成区域中：0%
[16:39:50] [Render thread/INFO] (Minecraft) 准备生成区域中：0%
[16:39:50] [Render thread/INFO] (Minecraft) 准备生成区域中：0%
[16:39:50] [Render thread/INFO] (Minecraft) 准备生成区域中：0%
[16:39:51] [Render thread/INFO] (Minecraft) 准备生成区域中：24%
[16:39:51] [Render thread/INFO] (Minecraft) 准备生成区域中：79%
[16:39:51] [Render thread/INFO] (Minecraft) Time elapsed: 6215 ms
[16:39:52] [Server thread/INFO] (Minecraft) Changing view distance to 12, from 10
[16:39:52] [Server thread/INFO] (Minecraft) Changing simulation distance to 12, from 0
[16:39:54] [Server thread/INFO] (Minecraft) Player38[local:E:2cce7b3b] logged in with entity id 167 at (31.61182970696479, 72.0, -7.1332789619102375)
[16:39:54] [Server thread/INFO] (Minecraft) Player38加入了游戏
[16:39:55] [Render thread/INFO] (Minecraft) Loaded 3 advancements
[16:40:23] [Server thread/INFO] (Minecraft) [Player38: 已将1个[block.chinaqianb.laodeng]给予Player38]
[16:40:23] [Render thread/INFO] (Minecraft) [System] [CHAT] 已将1个[block.chinaqianb.laodeng]给予Player38
[16:40:27] [Render thread/WARN] (Minecraft) Unable to play empty soundEvent: minecraft:entity.cod.ambient
[16:40:50] [Render thread/INFO] (Minecraft) Loaded 6 advancements
[16:44:18] [Server thread/INFO] (Minecraft) Saving and pausing game...
[16:44:18] [Server thread/INFO] (Minecraft) Saving chunks for level 'ServerLevel[test]'/minecraft:overworld
[16:44:18] [Server thread/INFO] (Minecraft) Saving chunks for level 'ServerLevel[test]'/minecraft:the_end
[16:44:18] [Server thread/INFO] (Minecraft) Saving chunks for level 'ServerLevel[test]'/minecraft:the_nether
[16:48:19] [Server thread/INFO] (Minecraft) Player38 lost connection: 连接中断
[16:48:20] [Server thread/INFO] (Minecraft) Player38退出了游戏
[16:48:20] [Server thread/INFO] (Minecraft) Stopping singleplayer server as player logged out
[16:48:20] [Server thread/INFO] (Minecraft) Stopping server
[16:48:20] [Server thread/INFO] (Minecraft) Saving players
[16:48:20] [Server thread/INFO] (Minecraft) Saving worlds
[16:48:21] [Server thread/INFO] (Minecraft) Saving chunks for level 'ServerLevel[test]'/minecraft:overworld
[16:48:23] [Server thread/INFO] (Minecraft) Saving chunks for level 'ServerLevel[test]'/minecraft:the_end
[16:48:23] [Server thread/INFO] (Minecraft) Saving chunks for level 'ServerLevel[test]'/minecraft:the_nether
[16:48:23] [Server thread/INFO] (Minecraft) ThreadedAnvilChunkStorage (test): All chunks are saved
[16:48:23] [Server thread/INFO] (Minecraft) ThreadedAnvilChunkStorage (DIM1): All chunks are saved
[16:48:23] [Server thread/INFO] (Minecraft) ThreadedAnvilChunkStorage (DIM-1): All chunks are saved
[16:48:23] [Server thread/INFO] (Minecraft) ThreadedAnvilChunkStorage: All dimensions are saved
[16:48:24] [Render thread/INFO] (Minecraft) Stopping!
